node.exe : Prisma schema loaded from 
prisma\schema.prisma.
At line:1 char:1
+ & "C:\Program 
Files\nodejs/node.exe" "C:\Program 
Files\nodejs/node_mo ...
+ ~~~~~~~~~~~~~~~~~~~~~~~~~~~~~~~~~~~~
~~~~~~~~~~~~~~~~~~~~~~~~~~~~~~~~~
    + CategoryInfo          : NotSpec 
   ified: (Prisma schema l...\schema  
  .prisma.:String) [], RemoteExcept   
 ion
    + FullyQualifiedErrorId : NativeC 
   ommandError
 
Error: Prisma schema validation - 
(get-config wasm)
Error code: P1012
error: The datasource property `url` 
is no longer supported in schema 
files. Move connection URLs for 
Migrate to `prisma.config.ts` and 
pass either `adapter` for a direct 
database connection or 
`accelerateUrl` for Accelerate to the 
`PrismaClient` constructor. See 
https://pris.ly/d/config-datasource 
and https://pris.ly/d/prisma7-client-c
onfig
  -->  prisma\schema.prisma:7
   | 
 6 |   provider = "postgresql"
 7 |   url      = "postgresql://postgr
es:password@localhost:5432/rohe_db"
   | 

Validation Error Count: 1
[Context: getConfig]

Prisma CLI Version : 7.5.0
